[debug] [2024-11-22T12:36:02.274Z] ----------------------------------------------------------------------
[debug] [2024-11-22T12:36:02.281Z] Command:       C:\Users\PC MARKET CI\.nvm\versions\node\v20.0.0\bin\node.exe C:\Users\PC MARKET CI\.nvm\versions\node\v20.0.0\bin\node_modules\firebase-tools\lib\bin\firebase.js deploy
[debug] [2024-11-22T12:36:02.282Z] CLI Version:   13.20.2
[debug] [2024-11-22T12:36:02.282Z] Platform:      win32
[debug] [2024-11-22T12:36:02.283Z] Node Version:  v20.0.0
[debug] [2024-11-22T12:36:02.284Z] Time:          Fri Nov 22 2024 13:36:02 GMT+0100 (heure normale d’Europe centrale)
[debug] [2024-11-22T12:36:02.284Z] ----------------------------------------------------------------------
[debug] 
[debug] [2024-11-22T12:36:02.576Z] > command requires scopes: ["email","openid","https://www.googleapis.com/auth/cloudplatformprojects.readonly","https://www.googleapis.com/auth/firebase","https://www.googleapis.com/auth/cloud-platform"]
[debug] [2024-11-22T12:36:02.577Z] > authorizing via signed-in user (aymarbly559@gmail.com)
[debug] [2024-11-22T12:36:02.577Z] [iam] checking project plateforme-offres-emplois for permissions ["firebase.projects.get","firebasehosting.sites.update"]
[debug] [2024-11-22T12:36:02.581Z] Checked if tokens are valid: false, expires at: 1732267726706
[debug] [2024-11-22T12:36:02.582Z] Checked if tokens are valid: false, expires at: 1732267726706
[debug] [2024-11-22T12:36:02.582Z] > refreshing access token with scopes: []
[debug] [2024-11-22T12:36:02.587Z] >>> [apiv2][query] POST https://www.googleapis.com/oauth2/v3/token [none]
[debug] [2024-11-22T12:36:02.587Z] >>> [apiv2][body] POST https://www.googleapis.com/oauth2/v3/token [omitted]
[debug] [2024-11-22T12:36:05.677Z] *** [apiv2] error from fetch(https://www.googleapis.com/oauth2/v3/token, {"headers":{},"method":"POST","body":{"_overheadLength":545,"_valueLength":212,"_valuesToMeasure":[],"writable":false,"readable":true,"dataSize":0,"maxDataSize":2097152,"pauseStreams":true,"_released":true,"_streams":[],"_currentStream":null,"_insideLoop":false,"_pendingNext":false,"_boundary":"--------------------------129378526605386572379011","_events":{},"_eventsCount":1}}): FetchError: request to https://www.googleapis.com/oauth2/v3/token failed, reason: Socket connection timeout
[debug] [2024-11-22T12:36:05.680Z] [iam] error while checking permissions, command may fail: FirebaseError: Authentication Error: Your credentials are no longer valid. Please run firebase login --reauth

For CI servers and headless environments, generate a new token with firebase login:ci
[debug] [2024-11-22T12:36:05.683Z] Checked if tokens are valid: false, expires at: 1732267726706
[debug] [2024-11-22T12:36:05.684Z] Checked if tokens are valid: false, expires at: 1732267726706
[debug] [2024-11-22T12:36:05.684Z] > refreshing access token with scopes: []
[debug] [2024-11-22T12:36:05.686Z] >>> [apiv2][query] POST https://www.googleapis.com/oauth2/v3/token [none]
[debug] [2024-11-22T12:36:05.686Z] >>> [apiv2][body] POST https://www.googleapis.com/oauth2/v3/token [omitted]
[debug] [2024-11-22T12:36:08.601Z] *** [apiv2] error from fetch(https://www.googleapis.com/oauth2/v3/token, {"headers":{},"method":"POST","body":{"_overheadLength":545,"_valueLength":212,"_valuesToMeasure":[],"writable":false,"readable":true,"dataSize":0,"maxDataSize":2097152,"pauseStreams":true,"_released":true,"_streams":[],"_currentStream":null,"_insideLoop":false,"_pendingNext":false,"_boundary":"--------------------------694044166253932219438702","_events":{},"_eventsCount":1}}): FetchError: request to https://www.googleapis.com/oauth2/v3/token failed, reason: Socket connection timeout
[debug] [2024-11-22T12:36:08.602Z] Authentication Error: Your credentials are no longer valid. Please run firebase login --reauth

For CI servers and headless environments, generate a new token with firebase login:ci
[error] 
[error] Error: Assertion failed: resolving hosting target of a site with no site name or target name. This should have caused an error earlier
[debug] [2024-11-22T12:49:12.585Z] ----------------------------------------------------------------------
[debug] [2024-11-22T12:49:12.597Z] Command:       C:\Users\PC MARKET CI\.nvm\versions\node\v20.0.0\bin\node.exe C:\Users\PC MARKET CI\.nvm\versions\node\v20.0.0\bin\node_modules\firebase-tools\lib\bin\firebase.js deploy
[debug] [2024-11-22T12:49:12.598Z] CLI Version:   13.20.2
[debug] [2024-11-22T12:49:12.598Z] Platform:      win32
[debug] [2024-11-22T12:49:12.599Z] Node Version:  v20.0.0
[debug] [2024-11-22T12:49:12.599Z] Time:          Fri Nov 22 2024 13:49:12 GMT+0100 (heure normale d’Europe centrale)
[debug] [2024-11-22T12:49:12.599Z] ----------------------------------------------------------------------
[debug] 
[debug] [2024-11-22T12:49:13.084Z] > command requires scopes: ["email","openid","https://www.googleapis.com/auth/cloudplatformprojects.readonly","https://www.googleapis.com/auth/firebase","https://www.googleapis.com/auth/cloud-platform"]
[debug] [2024-11-22T12:49:13.085Z] > authorizing via signed-in user (aymarbly559@gmail.com)
[debug] [2024-11-22T12:49:13.085Z] [iam] checking project plateforme-offres-emplois for permissions ["firebase.projects.get","firebasehosting.sites.update"]
[debug] [2024-11-22T12:49:13.089Z] Checked if tokens are valid: false, expires at: 1732267726706
[debug] [2024-11-22T12:49:13.090Z] Checked if tokens are valid: false, expires at: 1732267726706
[debug] [2024-11-22T12:49:13.091Z] > refreshing access token with scopes: []
[debug] [2024-11-22T12:49:13.103Z] >>> [apiv2][query] POST https://www.googleapis.com/oauth2/v3/token [none]
[debug] [2024-11-22T12:49:13.105Z] >>> [apiv2][body] POST https://www.googleapis.com/oauth2/v3/token [omitted]
[debug] [2024-11-22T12:49:16.404Z] *** [apiv2] error from fetch(https://www.googleapis.com/oauth2/v3/token, {"headers":{},"method":"POST","body":{"_overheadLength":545,"_valueLength":212,"_valuesToMeasure":[],"writable":false,"readable":true,"dataSize":0,"maxDataSize":2097152,"pauseStreams":true,"_released":true,"_streams":[],"_currentStream":null,"_insideLoop":false,"_pendingNext":false,"_boundary":"--------------------------855042643266400501437225","_events":{},"_eventsCount":1}}): FetchError: request to https://www.googleapis.com/oauth2/v3/token failed, reason: Socket connection timeout
[debug] [2024-11-22T12:49:16.409Z] [iam] error while checking permissions, command may fail: FirebaseError: Authentication Error: Your credentials are no longer valid. Please run firebase login --reauth

For CI servers and headless environments, generate a new token with firebase login:ci
[debug] [2024-11-22T12:49:16.413Z] Checked if tokens are valid: false, expires at: 1732267726706
[debug] [2024-11-22T12:49:16.414Z] Checked if tokens are valid: false, expires at: 1732267726706
[debug] [2024-11-22T12:49:16.415Z] > refreshing access token with scopes: []
[debug] [2024-11-22T12:49:16.418Z] >>> [apiv2][query] POST https://www.googleapis.com/oauth2/v3/token [none]
[debug] [2024-11-22T12:49:16.418Z] >>> [apiv2][body] POST https://www.googleapis.com/oauth2/v3/token [omitted]
[debug] [2024-11-22T12:49:19.327Z] *** [apiv2] error from fetch(https://www.googleapis.com/oauth2/v3/token, {"headers":{},"method":"POST","body":{"_overheadLength":545,"_valueLength":212,"_valuesToMeasure":[],"writable":false,"readable":true,"dataSize":0,"maxDataSize":2097152,"pauseStreams":true,"_released":true,"_streams":[],"_currentStream":null,"_insideLoop":false,"_pendingNext":false,"_boundary":"--------------------------825193697566076371462510","_events":{},"_eventsCount":1}}): FetchError: request to https://www.googleapis.com/oauth2/v3/token failed, reason: Socket connection timeout
[debug] [2024-11-22T12:49:19.327Z] Authentication Error: Your credentials are no longer valid. Please run firebase login --reauth

For CI servers and headless environments, generate a new token with firebase login:ci
[error] 
[error] Error: Assertion failed: resolving hosting target of a site with no site name or target name. This should have caused an error earlier
